0 info it worked if it ends with ok
1 verbose cli [ '/usr/local/bin/node',
1 verbose cli   '/usr/local/bin/npm',
1 verbose cli   'run',
1 verbose cli   'docusaurus-start' ]
2 info using npm@3.10.10
3 info using node@v6.10.3
4 verbose run-script [ 'predocusaurus-start',
4 verbose run-script   'docusaurus-start',
4 verbose run-script   'postdocusaurus-start' ]
5 info lifecycle @~predocusaurus-start: @
6 silly lifecycle @~predocusaurus-start: no script for predocusaurus-start, continuing
7 info lifecycle @~docusaurus-start: @
8 verbose lifecycle @~docusaurus-start: unsafe-perm in lifecycle true
9 verbose lifecycle @~docusaurus-start: PATH: /usr/local/lib/node_modules/npm/bin/node-gyp-bin:/Users/frankli1/Documents/Test/test-site-repo/website/node_modules/.bin:/opt/facebook/bin:/usr/local/bin:/usr/bin:/bin:/usr/sbin:/sbin:/opt/homebrew/bin:/opt/android_sdk/tools:/opt/facebook/nuclide/latest/nuclide/pkg/fb-biggrep-cli/bin:/opt/facebook/hg/bin:/usr/local/munki:/opt/android_sdk/tools:/opt/android_sdk/platform-tools
10 verbose lifecycle @~docusaurus-start: CWD: /Users/frankli1/Documents/Test/test-site-repo/website
11 silly lifecycle @~docusaurus-start: Args: [ '-c', 'docusaurus-start' ]
12 info lifecycle @~docusaurus-start: Failed to exec docusaurus-start script
13 verbose stack Error: @ docusaurus-start: `docusaurus-start`
13 verbose stack spawn ENOENT
13 verbose stack     at ChildProcess.<anonymous> (/usr/local/lib/node_modules/npm/lib/utils/spawn.js:33:16)
13 verbose stack     at emitTwo (events.js:106:13)
13 verbose stack     at ChildProcess.emit (events.js:191:7)
13 verbose stack     at maybeClose (internal/child_process.js:886:16)
13 verbose stack     at Process.ChildProcess._handle.onexit (internal/child_process.js:226:5)
14 verbose pkgid @
15 verbose cwd /Users/frankli1/Documents/Test/test-site-repo/website
16 error Darwin 16.6.0
17 error argv "/usr/local/bin/node" "/usr/local/bin/npm" "run" "docusaurus-start"
18 error node v6.10.3
19 error npm  v3.10.10
20 error file sh
21 error code ELIFECYCLE
22 error errno ENOENT
23 error syscall spawn
24 error @ docusaurus-start: `docusaurus-start`
24 error spawn ENOENT
25 error Failed at the @ docusaurus-start script 'docusaurus-start'.
25 error Make sure you have the latest version of node.js and npm installed.
25 error If you do, this is most likely a problem with the  package,
25 error not with npm itself.
25 error Tell the author that this fails on your system:
25 error     docusaurus-start
25 error You can get information on how to open an issue for this project with:
25 error     npm bugs
25 error Or if that isn't available, you can get their info via:
25 error     npm owner ls
25 error There is likely additional logging output above.
26 verbose exit [ 1, true ]
